<?xml version="1.0" encoding="UTF-8"?>
<testsuite xmlns:xsi="http://www.w3.org/2001/XMLSchema-instance" xsi:noNamespaceSchemaLocation="https://maven.apache.org/surefire/maven-surefire-plugin/xsd/surefire-test-report.xsd" name="com.example.PrinterManager.ControllerManagerTest" time="0.14" tests="34" errors="0" skipped="0" failures="7">
  <properties>
    <property name="java.specification.version" value="17"/>
    <property name="sun.cpu.isalist" value="amd64"/>
    <property name="sun.jnu.encoding" value="Cp1252"/>
    <property name="java.class.path" value="C:\Users\Alex\Documents\Projects\projectSE-DavidAlex\projectSE-DavidAlex\PrinterManager\target\test-classes;C:\Users\Alex\Documents\Projects\projectSE-DavidAlex\projectSE-DavidAlex\PrinterManager\target\classes;C:\Users\Alex\.m2\repository\org\springframework\boot\spring-boot-starter-web\3.0.2\spring-boot-starter-web-3.0.2.jar;C:\Users\Alex\.m2\repository\org\springframework\boot\spring-boot-starter\3.0.2\spring-boot-starter-3.0.2.jar;C:\Users\Alex\.m2\repository\org\springframework\boot\spring-boot\3.0.2\spring-boot-3.0.2.jar;C:\Users\Alex\.m2\repository\org\springframework\boot\spring-boot-autoconfigure\3.0.2\spring-boot-autoconfigure-3.0.2.jar;C:\Users\Alex\.m2\repository\org\springframework\boot\spring-boot-starter-logging\3.0.2\spring-boot-starter-logging-3.0.2.jar;C:\Users\Alex\.m2\repository\ch\qos\logback\logback-classic\1.4.5\logback-classic-1.4.5.jar;C:\Users\Alex\.m2\repository\ch\qos\logback\logback-core\1.4.5\logback-core-1.4.5.jar;C:\Users\Alex\.m2\repository\org\apache\logging\log4j\log4j-to-slf4j\2.19.0\log4j-to-slf4j-2.19.0.jar;C:\Users\Alex\.m2\repository\org\apache\logging\log4j\log4j-api\2.19.0\log4j-api-2.19.0.jar;C:\Users\Alex\.m2\repository\org\slf4j\jul-to-slf4j\2.0.6\jul-to-slf4j-2.0.6.jar;C:\Users\Alex\.m2\repository\jakarta\annotation\jakarta.annotation-api\2.1.1\jakarta.annotation-api-2.1.1.jar;C:\Users\Alex\.m2\repository\org\yaml\snakeyaml\1.33\snakeyaml-1.33.jar;C:\Users\Alex\.m2\repository\org\springframework\boot\spring-boot-starter-json\3.0.2\spring-boot-starter-json-3.0.2.jar;C:\Users\Alex\.m2\repository\com\fasterxml\jackson\core\jackson-databind\2.14.1\jackson-databind-2.14.1.jar;C:\Users\Alex\.m2\repository\com\fasterxml\jackson\core\jackson-annotations\2.14.1\jackson-annotations-2.14.1.jar;C:\Users\Alex\.m2\repository\com\fasterxml\jackson\core\jackson-core\2.14.1\jackson-core-2.14.1.jar;C:\Users\Alex\.m2\repository\com\fasterxml\jackson\datatype\jackson-datatype-jdk8\2.14.1\jackson-datatype-jdk8-2.14.1.jar;C:\Users\Alex\.m2\repository\com\fasterxml\jackson\datatype\jackson-datatype-jsr310\2.14.1\jackson-datatype-jsr310-2.14.1.jar;C:\Users\Alex\.m2\repository\com\fasterxml\jackson\module\jackson-module-parameter-names\2.14.1\jackson-module-parameter-names-2.14.1.jar;C:\Users\Alex\.m2\repository\org\springframework\boot\spring-boot-starter-tomcat\3.0.2\spring-boot-starter-tomcat-3.0.2.jar;C:\Users\Alex\.m2\repository\org\apache\tomcat\embed\tomcat-embed-core\10.1.5\tomcat-embed-core-10.1.5.jar;C:\Users\Alex\.m2\repository\org\apache\tomcat\embed\tomcat-embed-el\10.1.5\tomcat-embed-el-10.1.5.jar;C:\Users\Alex\.m2\repository\org\apache\tomcat\embed\tomcat-embed-websocket\10.1.5\tomcat-embed-websocket-10.1.5.jar;C:\Users\Alex\.m2\repository\org\springframework\spring-web\6.0.4\spring-web-6.0.4.jar;C:\Users\Alex\.m2\repository\org\springframework\spring-beans\6.0.4\spring-beans-6.0.4.jar;C:\Users\Alex\.m2\repository\io\micrometer\micrometer-observation\1.10.3\micrometer-observation-1.10.3.jar;C:\Users\Alex\.m2\repository\io\micrometer\micrometer-commons\1.10.3\micrometer-commons-1.10.3.jar;C:\Users\Alex\.m2\repository\org\springframework\spring-webmvc\6.0.4\spring-webmvc-6.0.4.jar;C:\Users\Alex\.m2\repository\org\springframework\spring-aop\6.0.4\spring-aop-6.0.4.jar;C:\Users\Alex\.m2\repository\org\springframework\spring-context\6.0.4\spring-context-6.0.4.jar;C:\Users\Alex\.m2\repository\org\springframework\spring-expression\6.0.4\spring-expression-6.0.4.jar;C:\Users\Alex\.m2\repository\org\springframework\boot\spring-boot-starter-test\3.0.2\spring-boot-starter-test-3.0.2.jar;C:\Users\Alex\.m2\repository\org\springframework\boot\spring-boot-test\3.0.2\spring-boot-test-3.0.2.jar;C:\Users\Alex\.m2\repository\org\springframework\boot\spring-boot-test-autoconfigure\3.0.2\spring-boot-test-autoconfigure-3.0.2.jar;C:\Users\Alex\.m2\repository\com\jayway\jsonpath\json-path\2.7.0\json-path-2.7.0.jar;C:\Users\Alex\.m2\repository\net\minidev\json-smart\2.4.8\json-smart-2.4.8.jar;C:\Users\Alex\.m2\repository\net\minidev\accessors-smart\2.4.8\accessors-smart-2.4.8.jar;C:\Users\Alex\.m2\repository\org\ow2\asm\asm\9.1\asm-9.1.jar;C:\Users\Alex\.m2\repository\org\slf4j\slf4j-api\2.0.6\slf4j-api-2.0.6.jar;C:\Users\Alex\.m2\repository\jakarta\xml\bind\jakarta.xml.bind-api\4.0.0\jakarta.xml.bind-api-4.0.0.jar;C:\Users\Alex\.m2\repository\jakarta\activation\jakarta.activation-api\2.1.1\jakarta.activation-api-2.1.1.jar;C:\Users\Alex\.m2\repository\org\assertj\assertj-core\3.23.1\assertj-core-3.23.1.jar;C:\Users\Alex\.m2\repository\net\bytebuddy\byte-buddy\1.12.22\byte-buddy-1.12.22.jar;C:\Users\Alex\.m2\repository\org\hamcrest\hamcrest\2.2\hamcrest-2.2.jar;C:\Users\Alex\.m2\repository\org\junit\jupiter\junit-jupiter\5.9.2\junit-jupiter-5.9.2.jar;C:\Users\Alex\.m2\repository\org\junit\jupiter\junit-jupiter-api\5.9.2\junit-jupiter-api-5.9.2.jar;C:\Users\Alex\.m2\repository\org\opentest4j\opentest4j\1.2.0\opentest4j-1.2.0.jar;C:\Users\Alex\.m2\repository\org\junit\platform\junit-platform-commons\1.9.2\junit-platform-commons-1.9.2.jar;C:\Users\Alex\.m2\repository\org\apiguardian\apiguardian-api\1.1.2\apiguardian-api-1.1.2.jar;C:\Users\Alex\.m2\repository\org\junit\jupiter\junit-jupiter-params\5.9.2\junit-jupiter-params-5.9.2.jar;C:\Users\Alex\.m2\repository\org\junit\jupiter\junit-jupiter-engine\5.9.2\junit-jupiter-engine-5.9.2.jar;C:\Users\Alex\.m2\repository\org\junit\platform\junit-platform-engine\1.9.2\junit-platform-engine-1.9.2.jar;C:\Users\Alex\.m2\repository\org\mockito\mockito-core\4.8.1\mockito-core-4.8.1.jar;C:\Users\Alex\.m2\repository\net\bytebuddy\byte-buddy-agent\1.12.22\byte-buddy-agent-1.12.22.jar;C:\Users\Alex\.m2\repository\org\objenesis\objenesis\3.2\objenesis-3.2.jar;C:\Users\Alex\.m2\repository\org\mockito\mockito-junit-jupiter\4.8.1\mockito-junit-jupiter-4.8.1.jar;C:\Users\Alex\.m2\repository\org\skyscreamer\jsonassert\1.5.1\jsonassert-1.5.1.jar;C:\Users\Alex\.m2\repository\com\vaadin\external\google\android-json\0.0.20131108.vaadin1\android-json-0.0.20131108.vaadin1.jar;C:\Users\Alex\.m2\repository\org\springframework\spring-core\6.0.4\spring-core-6.0.4.jar;C:\Users\Alex\.m2\repository\org\springframework\spring-jcl\6.0.4\spring-jcl-6.0.4.jar;C:\Users\Alex\.m2\repository\org\springframework\spring-test\6.0.4\spring-test-6.0.4.jar;C:\Users\Alex\.m2\repository\org\xmlunit\xmlunit-core\2.9.1\xmlunit-core-2.9.1.jar;C:\Users\Alex\.m2\repository\org\json\json\20140107\json-20140107.jar;"/>
    <property name="java.vm.vendor" value="Oracle Corporation"/>
    <property name="sun.arch.data.model" value="64"/>
    <property name="user.variant" value=""/>
    <property name="java.vendor.url" value="https://java.oracle.com/"/>
    <property name="user.timezone" value="Asia/Jerusalem"/>
    <property name="user.country.format" value="IL"/>
    <property name="os.name" value="Windows 11"/>
    <property name="java.vm.specification.version" value="17"/>
    <property name="sun.java.launcher" value="SUN_STANDARD"/>
    <property name="user.country" value="US"/>
    <property name="sun.boot.library.path" value="C:\Program Files\Java\jdk-17.0.2\bin"/>
    <property name="sun.java.command" value="C:\Users\Alex\AppData\Local\Temp\surefire123213530849414784\surefirebooter3410634151289770701.jar C:\Users\Alex\AppData\Local\Temp\surefire123213530849414784 2023-02-23T21-41-03_517-jvmRun1 surefire1386090965775874976tmp surefire_018072292327599259641tmp"/>
    <property name="jdk.debug" value="release"/>
    <property name="surefire.test.class.path" value="C:\Users\Alex\Documents\Projects\projectSE-DavidAlex\projectSE-DavidAlex\PrinterManager\target\test-classes;C:\Users\Alex\Documents\Projects\projectSE-DavidAlex\projectSE-DavidAlex\PrinterManager\target\classes;C:\Users\Alex\.m2\repository\org\springframework\boot\spring-boot-starter-web\3.0.2\spring-boot-starter-web-3.0.2.jar;C:\Users\Alex\.m2\repository\org\springframework\boot\spring-boot-starter\3.0.2\spring-boot-starter-3.0.2.jar;C:\Users\Alex\.m2\repository\org\springframework\boot\spring-boot\3.0.2\spring-boot-3.0.2.jar;C:\Users\Alex\.m2\repository\org\springframework\boot\spring-boot-autoconfigure\3.0.2\spring-boot-autoconfigure-3.0.2.jar;C:\Users\Alex\.m2\repository\org\springframework\boot\spring-boot-starter-logging\3.0.2\spring-boot-starter-logging-3.0.2.jar;C:\Users\Alex\.m2\repository\ch\qos\logback\logback-classic\1.4.5\logback-classic-1.4.5.jar;C:\Users\Alex\.m2\repository\ch\qos\logback\logback-core\1.4.5\logback-core-1.4.5.jar;C:\Users\Alex\.m2\repository\org\apache\logging\log4j\log4j-to-slf4j\2.19.0\log4j-to-slf4j-2.19.0.jar;C:\Users\Alex\.m2\repository\org\apache\logging\log4j\log4j-api\2.19.0\log4j-api-2.19.0.jar;C:\Users\Alex\.m2\repository\org\slf4j\jul-to-slf4j\2.0.6\jul-to-slf4j-2.0.6.jar;C:\Users\Alex\.m2\repository\jakarta\annotation\jakarta.annotation-api\2.1.1\jakarta.annotation-api-2.1.1.jar;C:\Users\Alex\.m2\repository\org\yaml\snakeyaml\1.33\snakeyaml-1.33.jar;C:\Users\Alex\.m2\repository\org\springframework\boot\spring-boot-starter-json\3.0.2\spring-boot-starter-json-3.0.2.jar;C:\Users\Alex\.m2\repository\com\fasterxml\jackson\core\jackson-databind\2.14.1\jackson-databind-2.14.1.jar;C:\Users\Alex\.m2\repository\com\fasterxml\jackson\core\jackson-annotations\2.14.1\jackson-annotations-2.14.1.jar;C:\Users\Alex\.m2\repository\com\fasterxml\jackson\core\jackson-core\2.14.1\jackson-core-2.14.1.jar;C:\Users\Alex\.m2\repository\com\fasterxml\jackson\datatype\jackson-datatype-jdk8\2.14.1\jackson-datatype-jdk8-2.14.1.jar;C:\Users\Alex\.m2\repository\com\fasterxml\jackson\datatype\jackson-datatype-jsr310\2.14.1\jackson-datatype-jsr310-2.14.1.jar;C:\Users\Alex\.m2\repository\com\fasterxml\jackson\module\jackson-module-parameter-names\2.14.1\jackson-module-parameter-names-2.14.1.jar;C:\Users\Alex\.m2\repository\org\springframework\boot\spring-boot-starter-tomcat\3.0.2\spring-boot-starter-tomcat-3.0.2.jar;C:\Users\Alex\.m2\repository\org\apache\tomcat\embed\tomcat-embed-core\10.1.5\tomcat-embed-core-10.1.5.jar;C:\Users\Alex\.m2\repository\org\apache\tomcat\embed\tomcat-embed-el\10.1.5\tomcat-embed-el-10.1.5.jar;C:\Users\Alex\.m2\repository\org\apache\tomcat\embed\tomcat-embed-websocket\10.1.5\tomcat-embed-websocket-10.1.5.jar;C:\Users\Alex\.m2\repository\org\springframework\spring-web\6.0.4\spring-web-6.0.4.jar;C:\Users\Alex\.m2\repository\org\springframework\spring-beans\6.0.4\spring-beans-6.0.4.jar;C:\Users\Alex\.m2\repository\io\micrometer\micrometer-observation\1.10.3\micrometer-observation-1.10.3.jar;C:\Users\Alex\.m2\repository\io\micrometer\micrometer-commons\1.10.3\micrometer-commons-1.10.3.jar;C:\Users\Alex\.m2\repository\org\springframework\spring-webmvc\6.0.4\spring-webmvc-6.0.4.jar;C:\Users\Alex\.m2\repository\org\springframework\spring-aop\6.0.4\spring-aop-6.0.4.jar;C:\Users\Alex\.m2\repository\org\springframework\spring-context\6.0.4\spring-context-6.0.4.jar;C:\Users\Alex\.m2\repository\org\springframework\spring-expression\6.0.4\spring-expression-6.0.4.jar;C:\Users\Alex\.m2\repository\org\springframework\boot\spring-boot-starter-test\3.0.2\spring-boot-starter-test-3.0.2.jar;C:\Users\Alex\.m2\repository\org\springframework\boot\spring-boot-test\3.0.2\spring-boot-test-3.0.2.jar;C:\Users\Alex\.m2\repository\org\springframework\boot\spring-boot-test-autoconfigure\3.0.2\spring-boot-test-autoconfigure-3.0.2.jar;C:\Users\Alex\.m2\repository\com\jayway\jsonpath\json-path\2.7.0\json-path-2.7.0.jar;C:\Users\Alex\.m2\repository\net\minidev\json-smart\2.4.8\json-smart-2.4.8.jar;C:\Users\Alex\.m2\repository\net\minidev\accessors-smart\2.4.8\accessors-smart-2.4.8.jar;C:\Users\Alex\.m2\repository\org\ow2\asm\asm\9.1\asm-9.1.jar;C:\Users\Alex\.m2\repository\org\slf4j\slf4j-api\2.0.6\slf4j-api-2.0.6.jar;C:\Users\Alex\.m2\repository\jakarta\xml\bind\jakarta.xml.bind-api\4.0.0\jakarta.xml.bind-api-4.0.0.jar;C:\Users\Alex\.m2\repository\jakarta\activation\jakarta.activation-api\2.1.1\jakarta.activation-api-2.1.1.jar;C:\Users\Alex\.m2\repository\org\assertj\assertj-core\3.23.1\assertj-core-3.23.1.jar;C:\Users\Alex\.m2\repository\net\bytebuddy\byte-buddy\1.12.22\byte-buddy-1.12.22.jar;C:\Users\Alex\.m2\repository\org\hamcrest\hamcrest\2.2\hamcrest-2.2.jar;C:\Users\Alex\.m2\repository\org\junit\jupiter\junit-jupiter\5.9.2\junit-jupiter-5.9.2.jar;C:\Users\Alex\.m2\repository\org\junit\jupiter\junit-jupiter-api\5.9.2\junit-jupiter-api-5.9.2.jar;C:\Users\Alex\.m2\repository\org\opentest4j\opentest4j\1.2.0\opentest4j-1.2.0.jar;C:\Users\Alex\.m2\repository\org\junit\platform\junit-platform-commons\1.9.2\junit-platform-commons-1.9.2.jar;C:\Users\Alex\.m2\repository\org\apiguardian\apiguardian-api\1.1.2\apiguardian-api-1.1.2.jar;C:\Users\Alex\.m2\repository\org\junit\jupiter\junit-jupiter-params\5.9.2\junit-jupiter-params-5.9.2.jar;C:\Users\Alex\.m2\repository\org\junit\jupiter\junit-jupiter-engine\5.9.2\junit-jupiter-engine-5.9.2.jar;C:\Users\Alex\.m2\repository\org\junit\platform\junit-platform-engine\1.9.2\junit-platform-engine-1.9.2.jar;C:\Users\Alex\.m2\repository\org\mockito\mockito-core\4.8.1\mockito-core-4.8.1.jar;C:\Users\Alex\.m2\repository\net\bytebuddy\byte-buddy-agent\1.12.22\byte-buddy-agent-1.12.22.jar;C:\Users\Alex\.m2\repository\org\objenesis\objenesis\3.2\objenesis-3.2.jar;C:\Users\Alex\.m2\repository\org\mockito\mockito-junit-jupiter\4.8.1\mockito-junit-jupiter-4.8.1.jar;C:\Users\Alex\.m2\repository\org\skyscreamer\jsonassert\1.5.1\jsonassert-1.5.1.jar;C:\Users\Alex\.m2\repository\com\vaadin\external\google\android-json\0.0.20131108.vaadin1\android-json-0.0.20131108.vaadin1.jar;C:\Users\Alex\.m2\repository\org\springframework\spring-core\6.0.4\spring-core-6.0.4.jar;C:\Users\Alex\.m2\repository\org\springframework\spring-jcl\6.0.4\spring-jcl-6.0.4.jar;C:\Users\Alex\.m2\repository\org\springframework\spring-test\6.0.4\spring-test-6.0.4.jar;C:\Users\Alex\.m2\repository\org\xmlunit\xmlunit-core\2.9.1\xmlunit-core-2.9.1.jar;C:\Users\Alex\.m2\repository\org\json\json\20140107\json-20140107.jar;"/>
    <property name="sun.cpu.endian" value="little"/>
    <property name="user.home" value="C:\Users\Alex"/>
    <property name="user.language" value="en"/>
    <property name="java.specification.vendor" value="Oracle Corporation"/>
    <property name="java.version.date" value="2022-01-18"/>
    <property name="java.home" value="C:\Program Files\Java\jdk-17.0.2"/>
    <property name="file.separator" value="\"/>
    <property name="basedir" value="C:\Users\Alex\Documents\Projects\projectSE-DavidAlex\projectSE-DavidAlex\PrinterManager"/>
    <property name="java.vm.compressedOopsMode" value="Zero based"/>
    <property name="line.separator" value="&#10;"/>
    <property name="java.vm.specification.vendor" value="Oracle Corporation"/>
    <property name="java.specification.name" value="Java Platform API Specification"/>
    <property name="surefire.real.class.path" value="C:\Users\Alex\AppData\Local\Temp\surefire123213530849414784\surefirebooter3410634151289770701.jar"/>
    <property name="user.script" value=""/>
    <property name="sun.management.compiler" value="HotSpot 64-Bit Tiered Compilers"/>
    <property name="java.runtime.version" value="17.0.2+8-LTS-86"/>
    <property name="user.name" value="Alex"/>
    <property name="path.separator" value=";"/>
    <property name="os.version" value="10.0"/>
    <property name="java.runtime.name" value="Java(TM) SE Runtime Environment"/>
    <property name="file.encoding" value="Cp1252"/>
    <property name="java.vm.name" value="Java HotSpot(TM) 64-Bit Server VM"/>
    <property name="localRepository" value="C:\Users\Alex\.m2\repository"/>
    <property name="java.vendor.url.bug" value="https://bugreport.java.com/bugreport/"/>
    <property name="java.io.tmpdir" value="C:\Users\Alex\AppData\Local\Temp\"/>
    <property name="idea.version" value="2022.3.2"/>
    <property name="java.version" value="17.0.2"/>
    <property name="user.dir" value="C:\Users\Alex\Documents\Projects\projectSE-DavidAlex\projectSE-DavidAlex\PrinterManager"/>
    <property name="os.arch" value="amd64"/>
    <property name="java.vm.specification.name" value="Java Virtual Machine Specification"/>
    <property name="sun.os.patch.level" value=""/>
    <property name="native.encoding" value="Cp1252"/>
    <property name="java.library.path" value="C:\Program Files\Java\jdk-17.0.2\bin;C:\WINDOWS\Sun\Java\bin;C:\WINDOWS\system32;C:\WINDOWS;C:\Program Files\Common Files\Oracle\Java\javapath;C:\WINDOWS\system32;C:\WINDOWS;C:\WINDOWS\System32\Wbem;C:\WINDOWS\System32\WindowsPowerShell\v1.0\;C:\WINDOWS\System32\OpenSSH\;C:\Program Files\Intel\WiFi\bin\;C:\Program Files\Common Files\Intel\WirelessCommon\;C:\Android;C:\Windows\System32;C:\Program Files\dotnet\;C:\Program Files\MATLAB\R2021b\bin;c:\altera\91sp2\quartus\bin;C:\Program Files\Microsoft SQL Server\Client SDK\ODBC\170\Tools\Binn\;C:\Program Files (x86)\Microsoft SQL Server\150\Tools\Binn\;C:\Program Files\Microsoft SQL Server\150\Tools\Binn\;C:\Program Files\Microsoft SQL Server\150\DTS\Binn\;C:\Program Files\Azure Data Studio\bin;C:\Program Files\Microsoft SQL Server\130\Tools\Binn\;C:\Program Files (x86)\Intel\Intel(R) Management Engine Components\DAL;C:\Program Files\Intel\Intel(R) Management Engine Components\DAL;C:\Program Files\Git\cmd;C:\Program Files\Docker\Docker\resources\bin;C:\altera\91sp2\modelsim_ase\win32aloem;C:\Users\Alex\AppData\Local\Microsoft\WindowsApps;C:\Modeltech_pe_edu_10.4a\win32pe_edu;C:\Program Files\Azure Data Studio\bin;C:\Users\Alex\.dotnet\tools;C:\Users\Alex\AppData\Local\Programs\Microsoft VS Code\bin;C:\Users\Alex\AppData\Local\JetBrains\Toolbox\scripts;;."/>
    <property name="java.vm.info" value="mixed mode, sharing"/>
    <property name="java.vendor" value="Oracle Corporation"/>
    <property name="java.vm.version" value="17.0.2+8-LTS-86"/>
    <property name="sun.io.unicode.encoding" value="UnicodeLittle"/>
    <property name="java.class.version" value="61.0"/>
  </properties>
  <testcase name="getPrinterJobsFilteredSuperStatusNoDate2" classname="com.example.PrinterManager.ControllerManagerTest" time="0.045"/>
  <testcase name="updateLivnessDisconnectedPrinter" classname="com.example.PrinterManager.ControllerManagerTest" time="0.011">
    <failure message="expected: &lt;true&gt; but was: &lt;false&gt;" type="org.opentest4j.AssertionFailedError"><![CDATA[org.opentest4j.AssertionFailedError: expected: <true> but was: <false>
	at com.example.PrinterManager.ControllerManagerTest.updateLivnessDisconnectedPrinter(ControllerManagerTest.java:102)
]]></failure>
    <system-out><![CDATA[Printer Added, The id is :1
Printer 1 Disconnected
Printer1 Liveness now is:true
]]></system-out>
  </testcase>
  <testcase name="addPrintingJobAndReturnIdInvalidPrinter" classname="com.example.PrinterManager.ControllerManagerTest" time="0.001"/>
  <testcase name="getPrinterByIDAndAllJobsPrinterDoesntExist" classname="com.example.PrinterManager.ControllerManagerTest" time="0.002"/>
  <testcase name="updateJobStatusFalseToTrue" classname="com.example.PrinterManager.ControllerManagerTest" time="0.001"/>
  <testcase name="getPrinterJobsFilteredSuperDateAndStatusFutureDate" classname="com.example.PrinterManager.ControllerManagerTest" time="0.005"/>
  <testcase name="getJobDetailsValid" classname="com.example.PrinterManager.ControllerManagerTest" time="0"/>
  <testcase name="getPrinterJobsFilteredSuperDateNoStatusWrongFormatDate" classname="com.example.PrinterManager.ControllerManagerTest" time="0.001"/>
  <testcase name="getPrinterJobsFilteredJobsWithGivenStatus" classname="com.example.PrinterManager.ControllerManagerTest" time="0.004"/>
  <testcase name="updateLivnessLivePrinter" classname="com.example.PrinterManager.ControllerManagerTest" time="0.001"/>
  <testcase name="addPrintingJobAndReturnIdLongString" classname="com.example.PrinterManager.ControllerManagerTest" time="0.002">
    <failure message="expected: &lt;true&gt; but was: &lt;false&gt;" type="org.opentest4j.AssertionFailedError"><![CDATA[org.opentest4j.AssertionFailedError: expected: <true> but was: <false>
	at com.example.PrinterManager.ControllerManagerTest.addPrintingJobAndReturnIdLongString(ControllerManagerTest.java:126)
]]></failure>
    <system-out><![CDATA[Printer Added, The id is :1
]]></system-out>
  </testcase>
  <testcase name="getStatistics" classname="com.example.PrinterManager.ControllerManagerTest" time="0.002">
    <failure message="expected: &lt;true&gt; but was: &lt;false&gt;" type="org.opentest4j.AssertionFailedError"><![CDATA[org.opentest4j.AssertionFailedError: expected: <true> but was: <false>
	at com.example.PrinterManager.ControllerManagerTest.getStatistics(ControllerManagerTest.java:180)
]]></failure>
    <system-out><![CDATA[Printer Added, The id is :2
Printer Added, The id is :7
Printer 7 Disconnected
Status of job: 29 was Updated!
Status of job: 31 was Updated!
Status of job: 32 was Updated!
]]></system-out>
  </testcase>
  <testcase name="getPrinterJobsFilteredSuperDateAndStatus" classname="com.example.PrinterManager.ControllerManagerTest" time="0.005"/>
  <testcase name="getPrinterByIDPrinterExists" classname="com.example.PrinterManager.ControllerManagerTest" time="0"/>
  <testcase name="getPrinterssWithPrintersAdded" classname="com.example.PrinterManager.ControllerManagerTest" time="0.001">
    <failure message="expected: &lt;[{&quot;printer1&quot;:{&quot;Jobs&quot;:{},&quot;liveness&quot;:true,&quot;id&quot;:1}}]&gt; but was: &lt;[{&quot;printer1&quot;:{&quot;Jobs&quot;:{},&quot;liveness&quot;:true,&quot;id&quot;:1}}, {&quot;printer1&quot;:{&quot;Jobs&quot;:{},&quot;liveness&quot;:true,&quot;id&quot;:1}}]&gt;" type="org.opentest4j.AssertionFailedError"><![CDATA[org.opentest4j.AssertionFailedError: expected: <[{"printer1":{"Jobs":{},"liveness":true,"id":1}}]> but was: <[{"printer1":{"Jobs":{},"liveness":true,"id":1}}, {"printer1":{"Jobs":{},"liveness":true,"id":1}}]>
	at com.example.PrinterManager.ControllerManagerTest.getPrinterssWithPrintersAdded(ControllerManagerTest.java:46)
]]></failure>
    <system-out><![CDATA[Printer Added, The id is :1
]]></system-out>
  </testcase>
  <testcase name="getPrinterByIDPrinterDoesntExist" classname="com.example.PrinterManager.ControllerManagerTest" time="0"/>
  <testcase name="getPrinterByIDAndAllJobsValid" classname="com.example.PrinterManager.ControllerManagerTest" time="0"/>
  <testcase name="getPrinterJobsFilteredSuperStatusNoDate" classname="com.example.PrinterManager.ControllerManagerTest" time="0.001"/>
  <testcase name="deletePrinterByID" classname="com.example.PrinterManager.ControllerManagerTest" time="0.001"/>
  <testcase name="addPrinterInvalidInputNotInteger" classname="com.example.PrinterManager.ControllerManagerTest" time="0.002"/>
  <testcase name="getPrinterssNoPrintersAdded" classname="com.example.PrinterManager.ControllerManagerTest" time="0.001">
    <failure message="expected: &lt;[]&gt; but was: &lt;[{&quot;printer1&quot;:{&quot;Jobs&quot;:{},&quot;liveness&quot;:true,&quot;id&quot;:1}}]&gt;" type="org.opentest4j.AssertionFailedError"><![CDATA[org.opentest4j.AssertionFailedError: expected: <[]> but was: <[{"printer1":{"Jobs":{},"liveness":true,"id":1}}]>
	at com.example.PrinterManager.ControllerManagerTest.getPrinterssNoPrintersAdded(ControllerManagerTest.java:39)
]]></failure>
  </testcase>
  <testcase name="getJobDetailsWrongID" classname="com.example.PrinterManager.ControllerManagerTest" time="0"/>
  <testcase name="getPrinterJobsFilteredNoJobsWithGivenStatus" classname="com.example.PrinterManager.ControllerManagerTest" time="0"/>
  <testcase name="getPrinterJobsFilteredSuperNoStatusNoDateNoJobsNoMoney" classname="com.example.PrinterManager.ControllerManagerTest" time="0"/>
  <testcase name="getPrinterJobsFilteredSuperNoStatusNoDateNoMoney" classname="com.example.PrinterManager.ControllerManagerTest" time="0.002"/>
  <testcase name="getPrinterJobsFilteredSuperDateAndStatusWrongFormatDate" classname="com.example.PrinterManager.ControllerManagerTest" time="0.002"/>
  <testcase name="updateJobStatusTrueToFalse" classname="com.example.PrinterManager.ControllerManagerTest" time="0.001"/>
  <testcase name="getStatisticsEmpty" classname="com.example.PrinterManager.ControllerManagerTest" time="0.001">
    <failure message="expected: &lt;true&gt; but was: &lt;false&gt;" type="org.opentest4j.AssertionFailedError"><![CDATA[org.opentest4j.AssertionFailedError: expected: <true> but was: <false>
	at com.example.PrinterManager.ControllerManagerTest.getStatisticsEmpty(ControllerManagerTest.java:191)
]]></failure>
  </testcase>
  <testcase name="addPrinterValidInput" classname="com.example.PrinterManager.ControllerManagerTest" time="0.001"/>
  <testcase name="getPrinterJobsFilteredSuperDateNoStatus" classname="com.example.PrinterManager.ControllerManagerTest" time="0.005"/>
  <testcase name="getPrinterByIDAndAllJobsNoJobs" classname="com.example.PrinterManager.ControllerManagerTest" time="0"/>
  <testcase name="addPrintingJobAndReturnIdValidPrinter" classname="com.example.PrinterManager.ControllerManagerTest" time="0.001">
    <failure message="expected: &lt;true&gt; but was: &lt;false&gt;" type="org.opentest4j.AssertionFailedError"><![CDATA[org.opentest4j.AssertionFailedError: expected: <true> but was: <false>
	at com.example.PrinterManager.ControllerManagerTest.addPrintingJobAndReturnIdValidPrinter(ControllerManagerTest.java:111)
]]></failure>
    <system-out><![CDATA[Printer Added, The id is :1
]]></system-out>
  </testcase>
  <testcase name="getPrinterJobsFilteredSuperDateNoStatusFutureDate" classname="com.example.PrinterManager.ControllerManagerTest" time="0.001"/>
  <testcase name="getPrinterJobsFilteredJobsNoStatus" classname="com.example.PrinterManager.ControllerManagerTest" time="0.002"/>
</testsuite>